c:\users\syncro developer\desktop\doomasciic\doomasciic\x64\debug\vc143.pdb
c:\users\syncro developer\desktop\doomasciic\doomasciic\x64\debug\vc143.idb
c:\users\syncro developer\desktop\doomasciic\doomasciic\x64\debug\hu_stuff.obj
c:\users\syncro developer\desktop\doomasciic\doomasciic\x64\debug\hu_lib.obj
c:\users\syncro developer\desktop\doomasciic\doomasciic\x64\debug\g_game.obj
c:\users\syncro developer\desktop\doomasciic\doomasciic\x64\debug\gusconf.obj
c:\users\syncro developer\desktop\doomasciic\doomasciic\x64\debug\f_wipe.obj
c:\users\syncro developer\desktop\doomasciic\doomasciic\x64\debug\f_finale.obj
c:\users\syncro developer\desktop\doomasciic\doomasciic\x64\debug\d_net.obj
c:\users\syncro developer\desktop\doomasciic\doomasciic\x64\debug\d_mode.obj
c:\users\syncro developer\desktop\doomasciic\doomasciic\x64\debug\d_main.obj
c:\users\syncro developer\desktop\doomasciic\doomasciic\x64\debug\d_loop.obj
c:\users\syncro developer\desktop\doomasciic\doomasciic\x64\debug\d_iwad.obj
c:\users\syncro developer\desktop\doomasciic\doomasciic\x64\debug\d_items.obj
c:\users\syncro developer\desktop\doomasciic\doomasciic\x64\debug\d_event.obj
c:\users\syncro developer\desktop\doomasciic\doomasciic\x64\debug\dummy.obj
c:\users\syncro developer\desktop\doomasciic\doomasciic\x64\debug\dstrings.obj
c:\users\syncro developer\desktop\doomasciic\doomasciic\x64\debug\doomstat.obj
c:\users\syncro developer\desktop\doomasciic\doomasciic\x64\debug\doomgeneric_ascii.obj
c:\users\syncro developer\desktop\doomasciic\doomasciic\x64\debug\doomgeneric.obj
c:\users\syncro developer\desktop\doomasciic\doomasciic\x64\debug\doomdef.obj
c:\users\syncro developer\desktop\doomasciic\doomasciic\x64\debug\am_map.obj
c:\users\syncro developer\desktop\doomasciic\doomasciic\x64\debug\m_menu.obj
c:\users\syncro developer\desktop\doomasciic\doomasciic\x64\debug\m_fixed.obj
c:\users\syncro developer\desktop\doomasciic\doomasciic\x64\debug\m_controls.obj
c:\users\syncro developer\desktop\doomasciic\doomasciic\x64\debug\m_config.obj
c:\users\syncro developer\desktop\doomasciic\doomasciic\x64\debug\m_cheat.obj
c:\users\syncro developer\desktop\doomasciic\doomasciic\x64\debug\m_bbox.obj
c:\users\syncro developer\desktop\doomasciic\doomasciic\x64\debug\m_argv.obj
c:\users\syncro developer\desktop\doomasciic\doomasciic\x64\debug\memio.obj
c:\users\syncro developer\desktop\doomasciic\doomasciic\x64\debug\i_video.obj
c:\users\syncro developer\desktop\doomasciic\doomasciic\x64\debug\i_timer.obj
c:\users\syncro developer\desktop\doomasciic\doomasciic\x64\debug\i_system.obj
c:\users\syncro developer\desktop\doomasciic\doomasciic\x64\debug\i_sound.obj
c:\users\syncro developer\desktop\doomasciic\doomasciic\x64\debug\i_scale.obj
c:\users\syncro developer\desktop\doomasciic\doomasciic\x64\debug\i_main.obj
c:\users\syncro developer\desktop\doomasciic\doomasciic\x64\debug\i_joystick.obj
c:\users\syncro developer\desktop\doomasciic\doomasciic\x64\debug\i_input.obj
c:\users\syncro developer\desktop\doomasciic\doomasciic\x64\debug\i_endoom.obj
c:\users\syncro developer\desktop\doomasciic\doomasciic\x64\debug\i_cdmus.obj
c:\users\syncro developer\desktop\doomasciic\doomasciic\x64\debug\info.obj
c:\users\syncro developer\desktop\doomasciic\doomasciic\x64\debug\icon.obj
c:\users\syncro developer\desktop\doomasciic\doomasciic\x64\debug\p_tick.obj
c:\users\syncro developer\desktop\doomasciic\doomasciic\x64\debug\p_telept.obj
c:\users\syncro developer\desktop\doomasciic\doomasciic\x64\debug\p_switch.obj
c:\users\syncro developer\desktop\doomasciic\doomasciic\x64\debug\p_spec.obj
c:\users\syncro developer\desktop\doomasciic\doomasciic\x64\debug\p_sight.obj
c:\users\syncro developer\desktop\doomasciic\doomasciic\x64\debug\p_setup.obj
c:\users\syncro developer\desktop\doomasciic\doomasciic\x64\debug\p_saveg.obj
c:\users\syncro developer\desktop\doomasciic\doomasciic\x64\debug\p_pspr.obj
c:\users\syncro developer\desktop\doomasciic\doomasciic\x64\debug\p_plats.obj
c:\users\syncro developer\desktop\doomasciic\doomasciic\x64\debug\p_mobj.obj
c:\users\syncro developer\desktop\doomasciic\doomasciic\x64\debug\p_maputl.obj
c:\users\syncro developer\desktop\doomasciic\doomasciic\x64\debug\p_map.obj
c:\users\syncro developer\desktop\doomasciic\doomasciic\x64\debug\p_lights.obj
c:\users\syncro developer\desktop\doomasciic\doomasciic\x64\debug\p_inter.obj
c:\users\syncro developer\desktop\doomasciic\doomasciic\x64\debug\p_floor.obj
c:\users\syncro developer\desktop\doomasciic\doomasciic\x64\debug\p_enemy.obj
c:\users\syncro developer\desktop\doomasciic\doomasciic\x64\debug\p_doors.obj
c:\users\syncro developer\desktop\doomasciic\doomasciic\x64\debug\p_ceilng.obj
c:\users\syncro developer\desktop\doomasciic\doomasciic\x64\debug\m_random.obj
c:\users\syncro developer\desktop\doomasciic\doomasciic\x64\debug\m_misc.obj
c:\users\syncro developer\desktop\doomasciic\doomasciic\x64\debug\w_file.obj
c:\users\syncro developer\desktop\doomasciic\doomasciic\x64\debug\w_checksum.obj
c:\users\syncro developer\desktop\doomasciic\doomasciic\x64\debug\wi_stuff.obj
c:\users\syncro developer\desktop\doomasciic\doomasciic\x64\debug\v_video.obj
c:\users\syncro developer\desktop\doomasciic\doomasciic\x64\debug\tables.obj
c:\users\syncro developer\desktop\doomasciic\doomasciic\x64\debug\s_sound.obj
c:\users\syncro developer\desktop\doomasciic\doomasciic\x64\debug\st_stuff.obj
c:\users\syncro developer\desktop\doomasciic\doomasciic\x64\debug\st_lib.obj
c:\users\syncro developer\desktop\doomasciic\doomasciic\x64\debug\statdump.obj
c:\users\syncro developer\desktop\doomasciic\doomasciic\x64\debug\sounds.obj
c:\users\syncro developer\desktop\doomasciic\doomasciic\x64\debug\sha1.obj
c:\users\syncro developer\desktop\doomasciic\doomasciic\x64\debug\r_things.obj
c:\users\syncro developer\desktop\doomasciic\doomasciic\x64\debug\r_sky.obj
c:\users\syncro developer\desktop\doomasciic\doomasciic\x64\debug\r_segs.obj
c:\users\syncro developer\desktop\doomasciic\doomasciic\x64\debug\r_plane.obj
c:\users\syncro developer\desktop\doomasciic\doomasciic\x64\debug\r_main.obj
c:\users\syncro developer\desktop\doomasciic\doomasciic\x64\debug\r_draw.obj
c:\users\syncro developer\desktop\doomasciic\doomasciic\x64\debug\r_data.obj
c:\users\syncro developer\desktop\doomasciic\doomasciic\x64\debug\r_bsp.obj
c:\users\syncro developer\desktop\doomasciic\doomasciic\x64\debug\p_user.obj
c:\users\syncro developer\desktop\doomasciic\doomasciic\x64\debug\z_zone.obj
c:\users\syncro developer\desktop\doomasciic\doomasciic\x64\debug\w_wad.obj
c:\users\syncro developer\desktop\doomasciic\doomasciic\x64\debug\w_main.obj
c:\users\syncro developer\desktop\doomasciic\doomasciic\x64\debug\w_file_stdc.obj
c:\repositories\syncro\doom-addon\oxygen-addon-doom\csrc\doomasciic\doomasciic\x64\debug\vc143.pdb
c:\repositories\syncro\doom-addon\oxygen-addon-doom\csrc\doomasciic\doomasciic\x64\debug\vc143.idb
c:\repositories\syncro\doom-addon\oxygen-addon-doom\csrc\doomasciic\doomasciic\x64\debug\g_game.obj
c:\repositories\syncro\doom-addon\oxygen-addon-doom\csrc\doomasciic\doomasciic\x64\debug\doomgeneric_ascii.obj
c:\repositories\syncro\doom-addon\oxygen-addon-doom\csrc\doomasciic\doomasciic\x64\debug\d_main.obj
c:\repositories\syncro\doom-addon\oxygen-addon-doom\csrc\doomasciic\doomasciic\x64\debug\hu_stuff.obj
c:\repositories\syncro\doom-addon\oxygen-addon-doom\csrc\doomasciic\doomasciic\x64\debug\hu_lib.obj
c:\repositories\syncro\doom-addon\oxygen-addon-doom\csrc\doomasciic\doomasciic\x64\debug\gusconf.obj
c:\repositories\syncro\doom-addon\oxygen-addon-doom\csrc\doomasciic\doomasciic\x64\debug\f_wipe.obj
c:\repositories\syncro\doom-addon\oxygen-addon-doom\csrc\doomasciic\doomasciic\x64\debug\f_finale.obj
c:\repositories\syncro\doom-addon\oxygen-addon-doom\csrc\doomasciic\doomasciic\x64\debug\d_net.obj
c:\repositories\syncro\doom-addon\oxygen-addon-doom\csrc\doomasciic\doomasciic\x64\debug\d_mode.obj
c:\repositories\syncro\doom-addon\oxygen-addon-doom\csrc\doomasciic\doomasciic\x64\debug\d_loop.obj
c:\repositories\syncro\doom-addon\oxygen-addon-doom\csrc\doomasciic\doomasciic\x64\debug\d_iwad.obj
c:\repositories\syncro\doom-addon\oxygen-addon-doom\csrc\doomasciic\doomasciic\x64\debug\d_items.obj
c:\repositories\syncro\doom-addon\oxygen-addon-doom\csrc\doomasciic\doomasciic\x64\debug\d_event.obj
c:\repositories\syncro\doom-addon\oxygen-addon-doom\csrc\doomasciic\doomasciic\x64\debug\dummy.obj
c:\repositories\syncro\doom-addon\oxygen-addon-doom\csrc\doomasciic\doomasciic\x64\debug\dstrings.obj
c:\repositories\syncro\doom-addon\oxygen-addon-doom\csrc\doomasciic\doomasciic\x64\debug\doomstat.obj
c:\repositories\syncro\doom-addon\oxygen-addon-doom\csrc\doomasciic\doomasciic\x64\debug\doomgeneric.obj
c:\repositories\syncro\doom-addon\oxygen-addon-doom\csrc\doomasciic\doomasciic\x64\debug\doomdef.obj
c:\repositories\syncro\doom-addon\oxygen-addon-doom\csrc\doomasciic\doomasciic\x64\debug\am_map.obj
c:\repositories\syncro\doom-addon\oxygen-addon-doom\csrc\doomasciic\doomasciic\x64\debug\m_menu.obj
c:\repositories\syncro\doom-addon\oxygen-addon-doom\csrc\doomasciic\doomasciic\x64\debug\m_fixed.obj
c:\repositories\syncro\doom-addon\oxygen-addon-doom\csrc\doomasciic\doomasciic\x64\debug\m_controls.obj
c:\repositories\syncro\doom-addon\oxygen-addon-doom\csrc\doomasciic\doomasciic\x64\debug\m_config.obj
c:\repositories\syncro\doom-addon\oxygen-addon-doom\csrc\doomasciic\doomasciic\x64\debug\m_cheat.obj
c:\repositories\syncro\doom-addon\oxygen-addon-doom\csrc\doomasciic\doomasciic\x64\debug\m_bbox.obj
c:\repositories\syncro\doom-addon\oxygen-addon-doom\csrc\doomasciic\doomasciic\x64\debug\m_argv.obj
c:\repositories\syncro\doom-addon\oxygen-addon-doom\csrc\doomasciic\doomasciic\x64\debug\memio.obj
c:\repositories\syncro\doom-addon\oxygen-addon-doom\csrc\doomasciic\doomasciic\x64\debug\i_video.obj
c:\repositories\syncro\doom-addon\oxygen-addon-doom\csrc\doomasciic\doomasciic\x64\debug\i_timer.obj
c:\repositories\syncro\doom-addon\oxygen-addon-doom\csrc\doomasciic\doomasciic\x64\debug\i_system.obj
c:\repositories\syncro\doom-addon\oxygen-addon-doom\csrc\doomasciic\doomasciic\x64\debug\i_sound.obj
c:\repositories\syncro\doom-addon\oxygen-addon-doom\csrc\doomasciic\doomasciic\x64\debug\i_scale.obj
c:\repositories\syncro\doom-addon\oxygen-addon-doom\csrc\doomasciic\doomasciic\x64\debug\i_main.obj
c:\repositories\syncro\doom-addon\oxygen-addon-doom\csrc\doomasciic\doomasciic\x64\debug\i_joystick.obj
c:\repositories\syncro\doom-addon\oxygen-addon-doom\csrc\doomasciic\doomasciic\x64\debug\i_input.obj
c:\repositories\syncro\doom-addon\oxygen-addon-doom\csrc\doomasciic\doomasciic\x64\debug\i_endoom.obj
c:\repositories\syncro\doom-addon\oxygen-addon-doom\csrc\doomasciic\doomasciic\x64\debug\i_cdmus.obj
c:\repositories\syncro\doom-addon\oxygen-addon-doom\csrc\doomasciic\doomasciic\x64\debug\info.obj
c:\repositories\syncro\doom-addon\oxygen-addon-doom\csrc\doomasciic\doomasciic\x64\debug\icon.obj
c:\repositories\syncro\doom-addon\oxygen-addon-doom\csrc\doomasciic\doomasciic\x64\debug\p_tick.obj
c:\repositories\syncro\doom-addon\oxygen-addon-doom\csrc\doomasciic\doomasciic\x64\debug\p_telept.obj
c:\repositories\syncro\doom-addon\oxygen-addon-doom\csrc\doomasciic\doomasciic\x64\debug\p_switch.obj
c:\repositories\syncro\doom-addon\oxygen-addon-doom\csrc\doomasciic\doomasciic\x64\debug\p_spec.obj
c:\repositories\syncro\doom-addon\oxygen-addon-doom\csrc\doomasciic\doomasciic\x64\debug\p_sight.obj
c:\repositories\syncro\doom-addon\oxygen-addon-doom\csrc\doomasciic\doomasciic\x64\debug\p_setup.obj
c:\repositories\syncro\doom-addon\oxygen-addon-doom\csrc\doomasciic\doomasciic\x64\debug\p_saveg.obj
c:\repositories\syncro\doom-addon\oxygen-addon-doom\csrc\doomasciic\doomasciic\x64\debug\p_pspr.obj
c:\repositories\syncro\doom-addon\oxygen-addon-doom\csrc\doomasciic\doomasciic\x64\debug\p_plats.obj
c:\repositories\syncro\doom-addon\oxygen-addon-doom\csrc\doomasciic\doomasciic\x64\debug\p_mobj.obj
c:\repositories\syncro\doom-addon\oxygen-addon-doom\csrc\doomasciic\doomasciic\x64\debug\p_maputl.obj
c:\repositories\syncro\doom-addon\oxygen-addon-doom\csrc\doomasciic\doomasciic\x64\debug\p_map.obj
c:\repositories\syncro\doom-addon\oxygen-addon-doom\csrc\doomasciic\doomasciic\x64\debug\p_lights.obj
c:\repositories\syncro\doom-addon\oxygen-addon-doom\csrc\doomasciic\doomasciic\x64\debug\p_inter.obj
c:\repositories\syncro\doom-addon\oxygen-addon-doom\csrc\doomasciic\doomasciic\x64\debug\p_floor.obj
c:\repositories\syncro\doom-addon\oxygen-addon-doom\csrc\doomasciic\doomasciic\x64\debug\p_enemy.obj
c:\repositories\syncro\doom-addon\oxygen-addon-doom\csrc\doomasciic\doomasciic\x64\debug\p_doors.obj
c:\repositories\syncro\doom-addon\oxygen-addon-doom\csrc\doomasciic\doomasciic\x64\debug\p_ceilng.obj
c:\repositories\syncro\doom-addon\oxygen-addon-doom\csrc\doomasciic\doomasciic\x64\debug\m_random.obj
c:\repositories\syncro\doom-addon\oxygen-addon-doom\csrc\doomasciic\doomasciic\x64\debug\m_misc.obj
c:\repositories\syncro\doom-addon\oxygen-addon-doom\csrc\doomasciic\doomasciic\x64\debug\w_file.obj
c:\repositories\syncro\doom-addon\oxygen-addon-doom\csrc\doomasciic\doomasciic\x64\debug\w_checksum.obj
c:\repositories\syncro\doom-addon\oxygen-addon-doom\csrc\doomasciic\doomasciic\x64\debug\wi_stuff.obj
c:\repositories\syncro\doom-addon\oxygen-addon-doom\csrc\doomasciic\doomasciic\x64\debug\v_video.obj
c:\repositories\syncro\doom-addon\oxygen-addon-doom\csrc\doomasciic\doomasciic\x64\debug\tables.obj
c:\repositories\syncro\doom-addon\oxygen-addon-doom\csrc\doomasciic\doomasciic\x64\debug\s_sound.obj
c:\repositories\syncro\doom-addon\oxygen-addon-doom\csrc\doomasciic\doomasciic\x64\debug\st_stuff.obj
c:\repositories\syncro\doom-addon\oxygen-addon-doom\csrc\doomasciic\doomasciic\x64\debug\st_lib.obj
c:\repositories\syncro\doom-addon\oxygen-addon-doom\csrc\doomasciic\doomasciic\x64\debug\statdump.obj
c:\repositories\syncro\doom-addon\oxygen-addon-doom\csrc\doomasciic\doomasciic\x64\debug\sounds.obj
c:\repositories\syncro\doom-addon\oxygen-addon-doom\csrc\doomasciic\doomasciic\x64\debug\sha1.obj
c:\repositories\syncro\doom-addon\oxygen-addon-doom\csrc\doomasciic\doomasciic\x64\debug\r_things.obj
c:\repositories\syncro\doom-addon\oxygen-addon-doom\csrc\doomasciic\doomasciic\x64\debug\r_sky.obj
c:\repositories\syncro\doom-addon\oxygen-addon-doom\csrc\doomasciic\doomasciic\x64\debug\r_segs.obj
c:\repositories\syncro\doom-addon\oxygen-addon-doom\csrc\doomasciic\doomasciic\x64\debug\r_plane.obj
c:\repositories\syncro\doom-addon\oxygen-addon-doom\csrc\doomasciic\doomasciic\x64\debug\r_main.obj
c:\repositories\syncro\doom-addon\oxygen-addon-doom\csrc\doomasciic\doomasciic\x64\debug\r_draw.obj
c:\repositories\syncro\doom-addon\oxygen-addon-doom\csrc\doomasciic\doomasciic\x64\debug\r_data.obj
c:\repositories\syncro\doom-addon\oxygen-addon-doom\csrc\doomasciic\doomasciic\x64\debug\r_bsp.obj
c:\repositories\syncro\doom-addon\oxygen-addon-doom\csrc\doomasciic\doomasciic\x64\debug\p_user.obj
c:\repositories\syncro\doom-addon\oxygen-addon-doom\csrc\doomasciic\doomasciic\x64\debug\z_zone.obj
c:\repositories\syncro\doom-addon\oxygen-addon-doom\csrc\doomasciic\doomasciic\x64\debug\w_wad.obj
c:\repositories\syncro\doom-addon\oxygen-addon-doom\csrc\doomasciic\doomasciic\x64\debug\w_main.obj
c:\repositories\syncro\doom-addon\oxygen-addon-doom\csrc\doomasciic\doomasciic\x64\debug\w_file_stdc.obj
c:\users\syncro developer\desktop\doomasciic\x64\debug\doomasciic.exe
c:\users\syncro developer\desktop\doomasciic\doomasciic\x64\debug\doomasciic.ilk
c:\users\syncro developer\desktop\doomasciic\x64\debug\doomasciic.pdb
c:\repositories\syncro\doom-addon\oxygen-addon-doom\csrc\doomasciic\x64\debug\doomasciic.pdb
c:\repositories\syncro\doom-addon\oxygen-addon-doom\csrc\doomasciic\doomasciic\x64\debug\doomasciic.tlog\cl.command.1.tlog
c:\repositories\syncro\doom-addon\oxygen-addon-doom\csrc\doomasciic\doomasciic\x64\debug\doomasciic.tlog\cl.read.1.tlog
c:\repositories\syncro\doom-addon\oxygen-addon-doom\csrc\doomasciic\doomasciic\x64\debug\doomasciic.tlog\cl.write.1.tlog
c:\repositories\syncro\doom-addon\oxygen-addon-doom\csrc\doomasciic\doomasciic\x64\debug\doomasciic.tlog\link-cvtres.read.1.tlog
c:\repositories\syncro\doom-addon\oxygen-addon-doom\csrc\doomasciic\doomasciic\x64\debug\doomasciic.tlog\link-cvtres.write.1.tlog
c:\repositories\syncro\doom-addon\oxygen-addon-doom\csrc\doomasciic\doomasciic\x64\debug\doomasciic.tlog\link-rc.read.1.tlog
c:\repositories\syncro\doom-addon\oxygen-addon-doom\csrc\doomasciic\doomasciic\x64\debug\doomasciic.tlog\link-rc.write.1.tlog
c:\repositories\syncro\doom-addon\oxygen-addon-doom\csrc\doomasciic\doomasciic\x64\debug\doomasciic.tlog\link.16340-cvtres.read.1.tlog
c:\repositories\syncro\doom-addon\oxygen-addon-doom\csrc\doomasciic\doomasciic\x64\debug\doomasciic.tlog\link.16340-cvtres.write.1.tlog
c:\repositories\syncro\doom-addon\oxygen-addon-doom\csrc\doomasciic\doomasciic\x64\debug\doomasciic.tlog\link.16340-rc.read.1.tlog
c:\repositories\syncro\doom-addon\oxygen-addon-doom\csrc\doomasciic\doomasciic\x64\debug\doomasciic.tlog\link.16340-rc.write.1.tlog
c:\repositories\syncro\doom-addon\oxygen-addon-doom\csrc\doomasciic\doomasciic\x64\debug\doomasciic.tlog\link.16340.read.1.tlog
c:\repositories\syncro\doom-addon\oxygen-addon-doom\csrc\doomasciic\doomasciic\x64\debug\doomasciic.tlog\link.16340.read.2.tlog
c:\repositories\syncro\doom-addon\oxygen-addon-doom\csrc\doomasciic\doomasciic\x64\debug\doomasciic.tlog\link.16340.write.1.tlog
c:\repositories\syncro\doom-addon\oxygen-addon-doom\csrc\doomasciic\doomasciic\x64\debug\doomasciic.tlog\link.command.1.tlog
c:\repositories\syncro\doom-addon\oxygen-addon-doom\csrc\doomasciic\doomasciic\x64\debug\doomasciic.tlog\link.read.1.tlog
c:\repositories\syncro\doom-addon\oxygen-addon-doom\csrc\doomasciic\doomasciic\x64\debug\doomasciic.tlog\link.read.2.tlog
c:\repositories\syncro\doom-addon\oxygen-addon-doom\csrc\doomasciic\doomasciic\x64\debug\doomasciic.tlog\link.write.1.tlog
